0 info it worked if it ends with ok
1 verbose cli [ 'node', '/usr/local/bin/npm', 'install', '-g', 'count-to-6' ]
2 info using npm@1.4.28
3 info using node@v0.10.33
4 verbose cache add [ 'count-to-6', null ]
5 verbose cache add name=undefined spec="count-to-6" args=["count-to-6",null]
6 verbose parsed url { protocol: null,
6 verbose parsed url   slashes: null,
6 verbose parsed url   auth: null,
6 verbose parsed url   host: null,
6 verbose parsed url   port: null,
6 verbose parsed url   hostname: null,
6 verbose parsed url   hash: null,
6 verbose parsed url   search: null,
6 verbose parsed url   query: null,
6 verbose parsed url   pathname: 'count-to-6',
6 verbose parsed url   path: 'count-to-6',
6 verbose parsed url   href: 'count-to-6' }
7 silly lockFile b8a7729d-count-to-6 count-to-6
8 verbose lock count-to-6 /Users/vladislavaboiko/.npm/b8a7729d-count-to-6.lock
9 silly lockFile b8a7729d-count-to-6 count-to-6
10 silly lockFile b8a7729d-count-to-6 count-to-6
11 verbose addNamed [ 'count-to-6', '' ]
12 verbose addNamed [ null, '*' ]
13 silly lockFile 9117001b-count-to-6 count-to-6@
14 verbose lock count-to-6@ /Users/vladislavaboiko/.npm/9117001b-count-to-6.lock
15 silly addNameRange { name: 'count-to-6', range: '*', hasData: false }
16 verbose request where is /count-to-6
17 verbose request registry https://registry.npmjs.org/
18 verbose request id 81a412d80c2c304d
19 verbose url raw /count-to-6
20 verbose url resolving [ 'https://registry.npmjs.org/', './count-to-6' ]
21 verbose url resolved https://registry.npmjs.org/count-to-6
22 verbose request where is https://registry.npmjs.org/count-to-6
23 info trying registry request attempt 1 at 17:25:10
24 http GET https://registry.npmjs.org/count-to-6
25 http 200 https://registry.npmjs.org/count-to-6
26 silly registry.get cb [ 200,
26 silly registry.get   { date: 'Tue, 09 Dec 2014 15:25:10 GMT',
26 silly registry.get     server: 'CouchDB/1.5.0 (Erlang OTP/R16B03)',
26 silly registry.get     etag: '"4VNCLXP7S86D9S26H147TOALJ"',
26 silly registry.get     'content-type': 'application/json',
26 silly registry.get     'cache-control': 'max-age=60',
26 silly registry.get     'content-length': '19910',
26 silly registry.get     'accept-ranges': 'bytes',
26 silly registry.get     via: '1.1 varnish',
26 silly registry.get     age: '0',
26 silly registry.get     'x-served-by': 'cache-fra1241-FRA',
26 silly registry.get     'x-cache': 'MISS',
26 silly registry.get     'x-cache-hits': '0',
26 silly registry.get     'x-timer': 'S1418138710.459458,VS0,VE202',
26 silly registry.get     vary: 'Accept',
26 silly registry.get     'keep-alive': 'timeout=10, max=50',
26 silly registry.get     connection: 'Keep-Alive' } ]
27 silly addNameRange number 2 { name: 'count-to-6', range: '*', hasData: true }
28 silly addNameRange versions [ 'count-to-6',
28 silly addNameRange   [ '0.1.0',
28 silly addNameRange     '0.1.1',
28 silly addNameRange     '0.2.0',
28 silly addNameRange     '0.2.1',
28 silly addNameRange     '0.3.0',
28 silly addNameRange     '0.4.0',
28 silly addNameRange     '0.4.1',
28 silly addNameRange     '0.4.2',
28 silly addNameRange     '0.4.3',
28 silly addNameRange     '0.4.4',
28 silly addNameRange     '0.4.5',
28 silly addNameRange     '0.5.0',
28 silly addNameRange     '0.5.1',
28 silly addNameRange     '0.5.2',
28 silly addNameRange     '0.5.3' ] ]
29 verbose addNamed [ 'count-to-6', '0.5.3' ]
30 verbose addNamed [ '0.5.3', '0.5.3' ]
31 silly lockFile 019258cb-count-to-6-0-5-3 count-to-6@0.5.3
32 verbose lock count-to-6@0.5.3 /Users/vladislavaboiko/.npm/019258cb-count-to-6-0-5-3.lock
33 silly lockFile 2df52947--count-to-6-count-to-6-0-5-3-tgz https://registry.npmjs.org/count-to-6/-/count-to-6-0.5.3.tgz
34 verbose lock https://registry.npmjs.org/count-to-6/-/count-to-6-0.5.3.tgz /Users/vladislavaboiko/.npm/2df52947--count-to-6-count-to-6-0-5-3-tgz.lock
35 verbose addRemoteTarball [ 'https://registry.npmjs.org/count-to-6/-/count-to-6-0.5.3.tgz',
35 verbose addRemoteTarball   'd5f074a9814bf348d21a3b158b5d5583ce4a3187' ]
36 info retry fetch attempt 1 at 17:25:10
37 verbose fetch to= /var/folders/6_/r22mrzcn3xjbq5gbd1cfxmr80000gn/T/npm-41014-2OU43tW_/registry.npmjs.org/count-to-6/-/count-to-6-0.5.3.tgz
38 http GET https://registry.npmjs.org/count-to-6/-/count-to-6-0.5.3.tgz
39 http 200 https://registry.npmjs.org/count-to-6/-/count-to-6-0.5.3.tgz
40 silly lockFile 2df52947--count-to-6-count-to-6-0-5-3-tgz https://registry.npmjs.org/count-to-6/-/count-to-6-0.5.3.tgz
41 silly lockFile 2df52947--count-to-6-count-to-6-0-5-3-tgz https://registry.npmjs.org/count-to-6/-/count-to-6-0.5.3.tgz
42 silly lockFile 019258cb-count-to-6-0-5-3 count-to-6@0.5.3
43 silly lockFile 019258cb-count-to-6-0-5-3 count-to-6@0.5.3
44 silly lockFile 9117001b-count-to-6 count-to-6@
45 silly lockFile 9117001b-count-to-6 count-to-6@
46 silly resolved [ { name: 'count-to-6',
46 silly resolved     description: 'An intro to some ES6 features via a set of self-guided workshops.',
46 silly resolved     keywords: [ 'es6', 'workshopper', 'nodeschool' ],
46 silly resolved     version: '0.5.3',
46 silly resolved     author:
46 silly resolved      { name: 'Domenic Denicola',
46 silly resolved        email: 'domenic@domenicdenicola.com',
46 silly resolved        url: 'http://domenic.me/' },
46 silly resolved     license: 'WTFPL',
46 silly resolved     repository:
46 silly resolved      { type: 'git',
46 silly resolved        url: 'https://github.com/domenic/count-to-6.git' },
46 silly resolved     bugs: { url: 'https://github.com/domenic/count-to-6/issues' },
46 silly resolved     bin: { 'count-to-6': './lib/count-to-6.js' },
46 silly resolved     preferGlobal: true,
46 silly resolved     scripts: { lint: 'jshint lib' },
46 silly resolved     dependencies:
46 silly resolved      { workshopper: '^1.0.0-alpha07',
46 silly resolved        'workshopper-exercise': '^0.2.3',
46 silly resolved        traceur: '0.0.41',
46 silly resolved        q: '^1.0.1',
46 silly resolved        rimraf: '^2.2.8' },
46 silly resolved     devDependencies: { jshint: '^2.5.1' },
46 silly resolved     gitHead: 'c1f8e2994d67645cbb08c81c6c00e112f9afd401',
46 silly resolved     homepage: 'https://github.com/domenic/count-to-6',
46 silly resolved     _id: 'count-to-6@0.5.3',
46 silly resolved     _shasum: 'd5f074a9814bf348d21a3b158b5d5583ce4a3187',
46 silly resolved     _from: 'count-to-6@',
46 silly resolved     _npmVersion: '1.4.16',
46 silly resolved     _npmUser: { name: 'domenic', email: 'domenic@domenicdenicola.com' },
46 silly resolved     maintainers: [ [Object] ],
46 silly resolved     dist:
46 silly resolved      { shasum: 'd5f074a9814bf348d21a3b158b5d5583ce4a3187',
46 silly resolved        tarball: 'http://registry.npmjs.org/count-to-6/-/count-to-6-0.5.3.tgz' },
46 silly resolved     directories: {},
46 silly resolved     _resolved: 'https://registry.npmjs.org/count-to-6/-/count-to-6-0.5.3.tgz' } ]
47 info install count-to-6@0.5.3 into /usr/local/lib
48 info installOne count-to-6@0.5.3
49 verbose lib/node_modules/count-to-6 unbuild
50 verbose tar unpack /Users/vladislavaboiko/.npm/count-to-6/0.5.3/package.tgz
51 silly lockFile fe683623-ocal-lib-node-modules-count-to-6 tar:///usr/local/lib/node_modules/count-to-6
52 verbose lock tar:///usr/local/lib/node_modules/count-to-6 /Users/vladislavaboiko/.npm/fe683623-ocal-lib-node-modules-count-to-6.lock
53 silly lockFile bb805039-npm-count-to-6-0-5-3-package-tgz tar:///Users/vladislavaboiko/.npm/count-to-6/0.5.3/package.tgz
54 verbose lock tar:///Users/vladislavaboiko/.npm/count-to-6/0.5.3/package.tgz /Users/vladislavaboiko/.npm/bb805039-npm-count-to-6-0-5-3-package-tgz.lock
55 silly gunzTarPerm modes [ '755', '644' ]
56 error Error: EACCES, mkdir '/usr/local/lib/node_modules/count-to-6'
56 error  { [Error: EACCES, mkdir '/usr/local/lib/node_modules/count-to-6']
56 error   errno: 3,
56 error   code: 'EACCES',
56 error   path: '/usr/local/lib/node_modules/count-to-6',
56 error   fstream_type: 'Directory',
56 error   fstream_path: '/usr/local/lib/node_modules/count-to-6',
56 error   fstream_class: 'DirWriter',
56 error   fstream_stack:
56 error    [ '/usr/local/lib/node_modules/npm/node_modules/fstream/lib/dir-writer.js:36:23',
56 error      '/usr/local/lib/node_modules/npm/node_modules/mkdirp/index.js:46:53',
56 error      'Object.oncomplete (fs.js:107:15)' ] }
57 error Please try running this command again as root/Administrator.
58 error System Darwin 14.0.0
59 error command "node" "/usr/local/bin/npm" "install" "-g" "count-to-6"
60 error cwd /Users/vladislavaboiko/Downloads/Homework
61 error node -v v0.10.33
62 error npm -v 1.4.28
63 error path /usr/local/lib/node_modules/count-to-6
64 error fstream_path /usr/local/lib/node_modules/count-to-6
65 error fstream_type Directory
66 error fstream_class DirWriter
67 error code EACCES
68 error errno 3
69 error stack Error: EACCES, mkdir '/usr/local/lib/node_modules/count-to-6'
70 error fstream_stack /usr/local/lib/node_modules/npm/node_modules/fstream/lib/dir-writer.js:36:23
70 error fstream_stack /usr/local/lib/node_modules/npm/node_modules/mkdirp/index.js:46:53
70 error fstream_stack Object.oncomplete (fs.js:107:15)
71 verbose exit [ 3, true ]
